<?xml version="1.0" encoding="UTF-8"?>
<testng-results ignored="0" total="2" passed="2" failed="0" skipped="0">
  <reporter-output>
  </reporter-output>
  <suite started-at="2023-05-13T08:48:32 IST" name="Suite" finished-at="2023-05-13T08:48:53 IST" duration-ms="21014">
    <groups>
    </groups>
    <test started-at="2023-05-13T08:48:32 IST" name="Test" finished-at="2023-05-13T08:48:53 IST" duration-ms="21014">
      <class name="testpackages.SampleSel">
        <test-method is-config="true" signature="launchBrowseronchoice(java.lang.String)[pri:0, instance:testpackages.SampleSel@28f3b248]" started-at="2023-05-13T08:48:32 IST" name="launchBrowseronchoice" finished-at="2023-05-13T08:48:37 IST" duration-ms="4701" status="PASS">
          <params>
            <param index="0">
              <value>
                <![CDATA[chrome]]>
              </value>
            </param>
          </params>
          <reporter-output>
          </reporter-output>
        </test-method> <!-- launchBrowseronchoice -->
        <test-method signature="handleCalenders()[pri:0, instance:testpackages.SampleSel@28f3b248]" started-at="2023-05-13T08:48:37 IST" name="handleCalenders" finished-at="2023-05-13T08:48:42 IST" duration-ms="4917" status="PASS">
          <reporter-output>
          </reporter-output>
        </test-method> <!-- handleCalenders -->
        <test-method is-config="true" signature="closebrowser()[pri:0, instance:testpackages.SampleSel@28f3b248]" started-at="2023-05-13T08:48:42 IST" name="closebrowser" finished-at="2023-05-13T08:48:42 IST" duration-ms="156" status="PASS">
          <reporter-output>
          </reporter-output>
        </test-method> <!-- closebrowser -->
        <test-method is-config="true" signature="launchBrowseronchoice(java.lang.String)[pri:0, instance:testpackages.SampleSel@28f3b248]" started-at="2023-05-13T08:48:42 IST" name="launchBrowseronchoice" finished-at="2023-05-13T08:48:44 IST" duration-ms="1414" status="PASS">
          <params>
            <param index="0">
              <value>
                <![CDATA[chrome]]>
              </value>
            </param>
          </params>
          <reporter-output>
          </reporter-output>
        </test-method> <!-- launchBrowseronchoice -->
        <test-method signature="seleniumwaits()[pri:0, instance:testpackages.SampleSel@28f3b248]" started-at="2023-05-13T08:48:44 IST" name="seleniumwaits" finished-at="2023-05-13T08:48:53 IST" duration-ms="9681" status="PASS">
          <reporter-output>
          </reporter-output>
        </test-method> <!-- seleniumwaits -->
        <test-method is-config="true" signature="closebrowser()[pri:0, instance:testpackages.SampleSel@28f3b248]" started-at="2023-05-13T08:48:53 IST" name="closebrowser" finished-at="2023-05-13T08:48:53 IST" duration-ms="98" status="PASS">
          <reporter-output>
          </reporter-output>
        </test-method> <!-- closebrowser -->
      </class> <!-- testpackages.SampleSel -->
    </test> <!-- Test -->
  </suite> <!-- Suite -->
</testng-results>
