<?xml version="1.0" encoding="UTF-8"?>
<testng-results ignored="0" total="1" passed="1" failed="0" skipped="0">
  <reporter-output>
  </reporter-output>
  <suite started-at="2023-06-07T08:53:36 IST" name="Default suite" finished-at="2023-06-07T08:53:38 IST" duration-ms="1867">
    <groups>
    </groups>
    <test started-at="2023-06-07T08:53:36 IST" name="Default test" finished-at="2023-06-07T08:53:38 IST" duration-ms="1867">
      <class name="com.test.API8AMWDTest.PostReq">
        <test-method signature="test_CreateUserUsingPojo()[pri:0, instance:com.test.API8AMWDTest.PostReq@7b36aa0c]" started-at="2023-06-07T08:53:37 IST" name="test_CreateUserUsingPojo" finished-at="2023-06-07T08:53:38 IST" duration-ms="1838" status="PASS">
          <reporter-output>
          </reporter-output>
        </test-method> <!-- test_CreateUserUsingPojo -->
      </class> <!-- com.test.API8AMWDTest.PostReq -->
    </test> <!-- Default test -->
  </suite> <!-- Default suite -->
</testng-results>
